0 info it worked if it ends with ok
1 verbose cli [ 'C:\\Program Files\\nodejs\\node.exe',
1 verbose cli   'C:\\Users\\ps00552515\\AppData\\Roaming\\npm\\node_modules\\npm\\bin\\npm-cli.js',
1 verbose cli   'install',
1 verbose cli   '@angularfire2@5.0.0-rc.9' ]
2 info using npm@3.10.10
3 info using node@v10.4.0
4 silly loadCurrentTree Starting
5 silly install loadCurrentTree
6 silly install readLocalPackageData
7 silly fetchPackageMetaData @angularfire2@5.0.0-rc.9
8 silly fetchOtherPackageData @angularfire2@5.0.0-rc.9
9 silly cache add args [ '@angularfire2@5.0.0-rc.9', null ]
10 verbose cache add spec @angularfire2@5.0.0-rc.9
11 silly cache add parsed spec Result {
11 silly cache add   raw: '@angularfire2@5.0.0-rc.9',
11 silly cache add   scope: null,
11 silly cache add   escapedName: null,
11 silly cache add   name: null,
11 silly cache add   rawSpec: '@angularfire2@5.0.0-rc.9',
11 silly cache add   spec:
11 silly cache add    'C:\\Users\\ps00552515\\source\\test\\techmdemo\\@angularfire2@5.0.0-rc.9',
11 silly cache add   type: 'local' }
12 error addLocal Could not install C:\Users\ps00552515\source\test\techmdemo\@angularfire2@5.0.0-rc.9
13 silly fetchPackageMetaData Error: ENOENT: no such file or directory, open 'C:\Users\ps00552515\source\test\techmdemo\@angularfire2@5.0.0-rc.9'
13 silly fetchPackageMetaData  error for @angularfire2@5.0.0-rc.9 { [Error: ENOENT: no such file or directory, open 'C:\Users\ps00552515\source\test\techmdemo\@angularfire2@5.0.0-rc.9']
13 silly fetchPackageMetaData   errno: -4058,
13 silly fetchPackageMetaData   code: 'ENOENT',
13 silly fetchPackageMetaData   syscall: 'open',
13 silly fetchPackageMetaData   path:
13 silly fetchPackageMetaData    'C:\\Users\\ps00552515\\source\\test\\techmdemo\\@angularfire2@5.0.0-rc.9' }
14 silly rollbackFailedOptional Starting
15 silly rollbackFailedOptional Finishing
16 silly runTopLevelLifecycles Finishing
17 silly install printInstalled
18 verbose stack Error: ENOENT: no such file or directory, open 'C:\Users\ps00552515\source\test\techmdemo\@angularfire2@5.0.0-rc.9'
19 verbose cwd C:\Users\ps00552515\source\test\techmdemo
20 error Windows_NT 10.0.16299
21 error argv "C:\\Program Files\\nodejs\\node.exe" "C:\\Users\\ps00552515\\AppData\\Roaming\\npm\\node_modules\\npm\\bin\\npm-cli.js" "install" "@angularfire2@5.0.0-rc.9"
22 error node v10.4.0
23 error npm  v3.10.10
24 error path C:\Users\ps00552515\source\test\techmdemo\@angularfire2@5.0.0-rc.9
25 error code ENOENT
26 error errno -4058
27 error syscall open
28 error enoent ENOENT: no such file or directory, open 'C:\Users\ps00552515\source\test\techmdemo\@angularfire2@5.0.0-rc.9'
29 error enoent ENOENT: no such file or directory, open 'C:\Users\ps00552515\source\test\techmdemo\@angularfire2@5.0.0-rc.9'
29 error enoent This is most likely not a problem with npm itself
29 error enoent and is related to npm not being able to find a file.
30 verbose exit [ -4058, true ]
